Archivo: prueba.cpp
Compilado:  04/12/2022 03:28:46 p. m.
# = Caracter
include = Identificador
< = OperadorRelacional
stdio = Identificador
. = Caracter
h = Identificador
> = OperadorRelacional
# = Caracter
include = Identificador
< = OperadorRelacional
conio = Identificador
. = Caracter
h = Identificador
> = OperadorRelacional
# = Caracter
include = Identificador
< = OperadorRelacional
math = Identificador
. = Caracter
h = Identificador
> = OperadorRelacional
# = Caracter
include = Identificador
< = OperadorRelacional
graphics = Identificador
. = Caracter
h = Identificador
> = OperadorRelacional
# = Caracter
include = Identificador
< = OperadorRelacional
stdio = Identificador
. = Caracter
h = Identificador
> = OperadorRelacional
# = Caracter
include = Identificador
< = OperadorRelacional
conio = Identificador
. = Caracter
h = Identificador
> = OperadorRelacional
# = Caracter
include = Identificador
< = OperadorRelacional
math = Identificador
. = Caracter
h = Identificador
> = OperadorRelacional
# = Caracter
include = Identificador
< = OperadorRelacional
graphics = Identificador
. = Caracter
h = Identificador
> = OperadorRelacional
void = Identificador
main = Identificador
( = ParentesisIzquierdo
) = ParentesisDerecho
{ = InicioBloque
cout = Identificador
> = OperadorRelacional
Error de Sintaxis: Se espera un >> en la linea 13 En el numero de caracter 11
